Number of platforms                               1
  Platform Name                                   rusticl
  Platform Vendor                                 Mesa/X.org
  Platform Version                                OpenCL 3.0 
  Platform Profile                                FULL_PROFILE
  Platform Extensions                             cl_khr_icd cl_khr_byte_addressable_store cl_khr_create_command_queue cl_khr_expect_assume cl_khr_extended_bit_ops cl_khr_extended_versioning cl_khr_global_int32_base_atomics cl_khr_global_int32_extended_atomics cl_khr_il_program cl_khr_local_int32_base_atomics cl_khr_local_int32_extended_atomics cl_khr_integer_dot_product cl_khr_spirv_no_integer_wrap_decoration cl_khr_spirv_queries cl_khr_suggested_local_work_size cl_ext_immutable_memory_objects cl_khr_spirv_linkonce_odr cles_khr_int64 cl_khr_kernel_clock cl_khr_depth_images cl_ext_image_unorm_int_2_101010 cl_khr_pci_bus_info cl_khr_device_uuid
  Platform Extensions with Version                cl_khr_icd                                                       0x800000 (2.0.0)
                                                  cl_khr_byte_addressable_store                                    0x400000 (1.0.0)
                                                  cl_khr_create_command_queue                                      0x400000 (1.0.0)
                                                  cl_khr_expect_assume                                             0x400000 (1.0.0)
                                                  cl_khr_extended_bit_ops                                          0x400000 (1.0.0)
                                                  cl_khr_extended_versioning                                       0x400000 (1.0.0)
                                                  cl_khr_global_int32_base_atomics                                 0x400000 (1.0.0)
                                                  cl_khr_global_int32_extended_atomics                             0x400000 (1.0.0)
                                                  cl_khr_il_program                                                0x400000 (1.0.0)
                                                  cl_khr_local_int32_base_atomics                                  0x400000 (1.0.0)
                                                  cl_khr_local_int32_extended_atomics                              0x400000 (1.0.0)
                                                  cl_khr_integer_dot_product                                       0x800000 (2.0.0)
                                                  cl_khr_spirv_no_integer_wrap_decoration                          0x400000 (1.0.0)
                                                  cl_khr_spirv_queries                                             0x400000 (1.0.0)
                                                  cl_khr_suggested_local_work_size                                 0x400000 (1.0.0)
                                                  cl_ext_immutable_memory_objects                                  0x400000 (1.0.0)
                                                  cl_khr_spirv_linkonce_odr                                        0x400000 (1.0.0)
                                                  cles_khr_int64                                                   0x400000 (1.0.0)
                                                  cl_khr_kernel_clock                                              0x400000 (1.0.0)
                                                  cl_khr_depth_images                                              0x400000 (1.0.0)
                                                  cl_ext_image_unorm_int_2_101010                                  0x400000 (1.0.0)
                                                  cl_khr_pci_bus_info                                              0x400000 (1.0.0)
                                                  cl_khr_device_uuid                                               0x400000 (1.0.0)
  Platform Numeric Version                        0xc00000 (3.0.0)
  Platform Extensions function suffix             MESA
  Platform Host timer resolution                  1ns

  Platform Name                                   rusticl
Number of devices                                 1
  Device Name                                     AMD PALM (DRM 2.51.0 / 6.18.20-x64v1-xanmod1)
  Device Vendor                                   AMD
  Device Vendor ID                                0x1002
  Device Version                                  OpenCL 1.2 
  Device UUID                                     00000000-0000-0000-0000-000000000000
  Driver UUID                                     601dd49b-c5eb-df94-91ed-367709f94dee
  Valid Device LUID                               No
  Device LUID                                     0000-000000000000
  Device Node Mask                                0
  Device Numeric Version                          0x402000 (1.2.0)
  Driver Version                                  26.0.3 (git-3f173c02d1)
  Device OpenCL C Version                         OpenCL C 1.2 
  Device OpenCL C Numeric Version                 0x402000 (1.2.0)
  Device Type                                     GPU
  Device PCI bus info (KHR)                       PCI-E, 0000:00:00.0
  Device Profile                                  EMBEDDED_PROFILE
  Device Available                                Yes
  Compiler Available                              Yes
  Linker Available                                Yes
  Max compute units                               2
  Max clock frequency                             0MHz
  Device Partition                                (core)
    Max number of sub-devices                     0
    Supported partition types                     None
    Supported affinity domains                    (n/a)
  Max work item dimensions                        3
  Max work item sizes                             1024x1024x1024
  Max work group size                             1024
  Preferred work group size multiple (kernel)     32
  Preferred / native vector sizes                 
    char                                                 1 / 1       
    short                                                1 / 1       
    int                                                  1 / 1       
    long                                                 1 / 1       
    half                                                 0 / 0        (n/a)
    float                                                1 / 1       
    double                                               0 / 0        (n/a)
  Half-precision Floating-point support           (n/a)
  Single-precision Floating-point support         (core)
    Denormals                                     No
    Infinity and NANs                             Yes
    Round to nearest                              Yes
    Round to zero                                 No
    Round to infinity                             No
    IEEE754-2008 fused multiply-add               No
    Support is emulated in software               No
    Correctly-rounded divide and sqrt operations  No
  Double-precision Floating-point support         (n/a)
  Address bits                                    32, Little-Endian
  Global memory size                              402653184 (384MiB)
  Error Correction support                        No
  Max memory allocation                           267876352 (255.5MiB)
  Unified memory for Host and Device              No
  Minimum alignment for any data type             128 bytes
  Alignment of base address                       4096 bits (512 bytes)
  Global Memory cache type                        None
  Image support                                   Yes
    Max number of samplers per kernel             16
    Max size for 1D images from buffer            16742272 pixels
    Max 1D or 2D image array size                 2048 images
    Max 2D image size                             16384x16384 pixels
    Max 3D image size                             2048x2048x2048 pixels
    Max number of read image args                 16
    Max number of write image args                8
  Local memory type                               Global
  Local memory size                               32768 (32KiB)
  Max number of constant args                     15
  Max constant buffer size                        67108864 (64MiB)
  Max size of kernel argument                     4096 (4KiB)
  Queue properties                                
    Out-of-order execution                        Yes
    Profiling                                     Yes
  Prefer user sync for interop                    Yes
  Profiling timer resolution                      10ns
  Execution capabilities                          
    Run OpenCL kernels                            Yes
    Run native kernels                            No
    IL version                                    SPIR-V_1.0 SPIR-V_1.1 SPIR-V_1.2 SPIR-V_1.3 SPIR-V_1.4 SPIR-V_1.5 SPIR-V_1.6
    ILs with version                              SPIR-V                                                           0x400000 (1.0.0)
                                                  SPIR-V                                                           0x401000 (1.1.0)
                                                  SPIR-V                                                           0x402000 (1.2.0)
                                                  SPIR-V                                                           0x403000 (1.3.0)
                                                  SPIR-V                                                           0x404000 (1.4.0)
                                                  SPIR-V                                                           0x405000 (1.5.0)
                                                  SPIR-V                                                           0x406000 (1.6.0)
  printf() buffer size                            1048576 (1024KiB)
  Built-in kernels                                (n/a)
  Built-in kernels with version                   (n/a)
  Device Extensions                               cl_khr_byte_addressable_store cl_khr_create_command_queue cl_khr_expect_assume cl_khr_extended_bit_ops cl_khr_extended_versioning cl_khr_global_int32_base_atomics cl_khr_global_int32_extended_atomics cl_khr_il_program cl_khr_local_int32_base_atomics cl_khr_local_int32_extended_atomics cl_khr_integer_dot_product cl_khr_spirv_no_integer_wrap_decoration cl_khr_spirv_queries cl_khr_suggested_local_work_size cl_ext_immutable_memory_objects cl_khr_spirv_linkonce_odr cles_khr_int64 cl_khr_kernel_clock cl_khr_depth_images cl_ext_image_unorm_int_2_101010 cl_khr_pci_bus_info cl_khr_device_uuid
  Device Extensions with Version                  cl_khr_byte_addressable_store                                    0x400000 (1.0.0)
                                                  cl_khr_create_command_queue                                      0x400000 (1.0.0)
                                                  cl_khr_expect_assume                                             0x400000 (1.0.0)
                                                  cl_khr_extended_bit_ops                                          0x400000 (1.0.0)
                                                  cl_khr_extended_versioning                                       0x400000 (1.0.0)
                                                  cl_khr_global_int32_base_atomics                                 0x400000 (1.0.0)
                                                  cl_khr_global_int32_extended_atomics                             0x400000 (1.0.0)
                                                  cl_khr_il_program                                                0x400000 (1.0.0)
                                                  cl_khr_local_int32_base_atomics                                  0x400000 (1.0.0)
                                                  cl_khr_local_int32_extended_atomics                              0x400000 (1.0.0)
                                                  cl_khr_integer_dot_product                                       0x800000 (2.0.0)
                                                  cl_khr_spirv_no_integer_wrap_decoration                          0x400000 (1.0.0)
                                                  cl_khr_spirv_queries                                             0x400000 (1.0.0)
                                                  cl_khr_suggested_local_work_size                                 0x400000 (1.0.0)
                                                  cl_ext_immutable_memory_objects                                  0x400000 (1.0.0)
                                                  cl_khr_spirv_linkonce_odr                                        0x400000 (1.0.0)
                                                  cles_khr_int64                                                   0x400000 (1.0.0)
                                                  cl_khr_kernel_clock                                              0x400000 (1.0.0)
                                                  cl_khr_depth_images                                              0x400000 (1.0.0)
                                                  cl_ext_image_unorm_int_2_101010                                  0x400000 (1.0.0)
                                                  cl_khr_pci_bus_info                                              0x400000 (1.0.0)
                                                  cl_khr_device_uuid                                               0x400000 (1.0.0)

NULL platform behavior
  clGetPlatformInfo(NULL, CL_PLATFORM_NAME, ...)  rusticl
  clGetDeviceIDs(NULL, CL_DEVICE_TYPE_ALL, ...)   Success [MESA]
  clCreateContext(NULL, ...) [default]            Success [MESA]
  clCreateContextFromType(NULL, CL_DEVICE_TYPE_DEFAULT)  Success (1)
    Platform Name                                 rusticl
    Device Name                                   AMD PALM (DRM 2.51.0 / 6.18.20-x64v1-xanmod1)
  clCreateContextFromType(NULL, CL_DEVICE_TYPE_CPU)  No devices found in platform
  clCreateContextFromType(NULL, CL_DEVICE_TYPE_GPU)  Success (1)
    Platform Name                                 rusticl
    Device Name                                   AMD PALM (DRM 2.51.0 / 6.18.20-x64v1-xanmod1)
  clCreateContextFromType(NULL, CL_DEVICE_TYPE_ACCELERATOR)  No devices found in platform
  clCreateContextFromType(NULL, CL_DEVICE_TYPE_CUSTOM)  No devices found in platform
  clCreateContextFromType(NULL, CL_DEVICE_TYPE_ALL)  Success (1)
    Platform Name                                 rusticl
    Device Name                                   AMD PALM (DRM 2.51.0 / 6.18.20-x64v1-xanmod1)

ICD loader properties
  ICD loader Name                                 OpenCL ICD Loader
  ICD loader Vendor                               OCL Icd free software
  ICD loader Version                              2.3.3
  ICD loader Profile                              OpenCL 3.0
